action: install_locally, msg: getenv
cwd: E:\Projets\DVF\ProdAPI\packages\regression_model
cmd: 'E:\Projets\DVF\ProdAPI\packages\regression_model\.tox\install_locally\Scripts\pip.EXE' install -rrequirements.txt
Collecting numpy<1.19.0,>=1.18.1
  Using cached numpy-1.18.4-cp37-cp37m-win32.whl (10.8 MB)
Collecting pandas<0.26.0,>=0.25.3
  Using cached pandas-0.25.3-cp37-cp37m-win32.whl (7.9 MB)
Collecting scikit-learn<0.23.0,>=0.22.1
  Using cached scikit_learn-0.22.2.post1-cp37-cp37m-win32.whl (5.7 MB)
Collecting joblib<0.15.0,>=0.14.1
  Using cached joblib-0.14.1-py2.py3-none-any.whl (294 kB)
Collecting datetime==4.3.0
  Using cached DateTime-4.3-py2.py3-none-any.whl (60 kB)
Collecting pytest<6.0.0,>=5.3.2
  Using cached pytest-5.4.2-py3-none-any.whl (247 kB)
Collecting setuptools<42.0.0,>=41.4.0
  Using cached setuptools-41.6.0-py2.py3-none-any.whl (582 kB)
Collecting wheel<0.34.0,>=0.33.6
  Using cached wheel-0.33.6-py2.py3-none-any.whl (21 kB)
Collecting pytz>=2017.2
  Using cached pytz-2020.1-py2.py3-none-any.whl (510 kB)
Collecting python-dateutil>=2.6.1
  Using cached python_dateutil-2.8.1-py2.py3-none-any.whl (227 kB)
Collecting scipy>=0.17.0
  Using cached scipy-1.4.1-cp37-cp37m-win32.whl (27.8 MB)
Collecting zope.interface
  Using cached zope.interface-5.1.0-cp37-cp37m-win32.whl (192 kB)
Collecting pluggy<1.0,>=0.12
  Using cached pluggy-0.13.1-py2.py3-none-any.whl (18 kB)
Collecting colorama; sys_platform == "win32"
  Using cached colorama-0.4.3-py2.py3-none-any.whl (15 kB)
Collecting more-itertools>=4.0.0
  Using cached more_itertools-8.3.0-py3-none-any.whl (44 kB)
Collecting attrs>=17.4.0
  Using cached attrs-19.3.0-py2.py3-none-any.whl (39 kB)
Collecting packaging
  Using cached packaging-20.4-py2.py3-none-any.whl (37 kB)
Collecting atomicwrites>=1.0; sys_platform == "win32"
  Using cached atomicwrites-1.4.0-py2.py3-none-any.whl (6.8 kB)
Collecting py>=1.5.0
  Using cached py-1.8.1-py2.py3-none-any.whl (83 kB)
Collecting wcwidth
  Using cached wcwidth-0.1.9-py2.py3-none-any.whl (19 kB)
Collecting importlib-metadata>=0.12; python_version < "3.8"
  Using cached importlib_metadata-1.6.0-py2.py3-none-any.whl (30 kB)
Collecting six>=1.5
  Using cached six-1.15.0-py2.py3-none-any.whl (10 kB)
Collecting pyparsing>=2.0.2
  Using cached pyparsing-2.4.7-py2.py3-none-any.whl (67 kB)
Collecting zipp>=0.5
  Using cached zipp-3.1.0-py3-none-any.whl (4.9 kB)
Installing collected packages: numpy, pytz, six, python-dateutil, pandas, scipy, joblib, scikit-learn, setuptools, zope.interface, datetime, zipp, importlib-metadata, pluggy, colorama, more-itertools, attrs, pyparsing, packaging, atomicwrites, py, wcwidth, pytest, wheel
  Attempting uninstall: setuptools
    Found existing installation: setuptools 46.1.3
    Uninstalling setuptools-46.1.3:
      Successfully uninstalled setuptools-46.1.3
  Attempting uninstall: wheel
    Found existing installation: wheel 0.34.2
    Uninstalling wheel-0.34.2:
      Successfully uninstalled wheel-0.34.2
Successfully installed atomicwrites-1.4.0 attrs-19.3.0 colorama-0.4.3 datetime-4.3 importlib-metadata-1.6.0 joblib-0.14.1 more-itertools-8.3.0 numpy-1.18.4 packaging-20.4 pandas-0.25.3 pluggy-0.13.1 py-1.8.1 pyparsing-2.4.7 pytest-5.4.2 python-dateutil-2.8.1 pytz-2020.1 scikit-learn-0.22.2.post1 scipy-1.4.1 setuptools-41.6.0 six-1.15.0 wcwidth-0.1.9 wheel-0.33.6 zipp-3.1.0 zope.interface-5.1.0
WARNING: You are using pip version 20.0.2; however, version 20.1.1 is available.
You should consider upgrading via the 'E:\Projets\DVF\ProdAPI\packages\regression_model\.tox\install_locally\Scripts\python.exe -m pip install --upgrade pip' command.
