action: install_locally, msg: envreport
cwd: E:\Projets\DVF\ProdAPI\packages\regression_model
cmd: 'E:\Projets\DVF\ProdAPI\packages\regression_model\.tox\install_locally\Scripts\python.EXE' -m pip freeze
atomicwrites==1.4.0
attrs==19.3.0
colorama==0.4.3
DateTime==4.3
importlib-metadata==1.6.0
joblib==0.14.1
more-itertools==8.3.0
numpy==1.18.4
packaging==20.4
pandas==0.25.3
pluggy==0.13.1
py==1.8.1
pyparsing==2.4.7
pytest==5.4.2
python-dateutil==2.8.1
pytz==2020.1
scikit-learn==0.22.2.post1
scipy==1.4.1
six==1.15.0
wcwidth==0.1.9
zipp==3.1.0
zope.interface==5.1.0
